# JRE version: OpenJDK Runtime Environment (8.0_202-b03) (build 1.8.0_202-release-1483-b03)
# Java VM: OpenJDK 64-Bit Server VM (25.202-b03 mixed mode windows-amd64 compressed oops)
Heap:
 PSYoungGen      total 297472K, used 10906K [0x00000000e0000000, 0x00000000f7980000, 0x0000000100000000)
  eden space 286208K, 0% used [0x00000000e0000000,0x00000000e0000000,0x00000000f1780000)
  from space 11264K, 96% used [0x00000000f3a00000,0x00000000f44a68b8,0x00000000f4500000)
  to   space 36352K, 0% used [0x00000000f5600000,0x00000000f5600000,0x00000000f7980000)
 ParOldGen       total 250368K, used 74031K [0x00000000a0000000, 0x00000000af480000, 0x00000000e0000000)
  object space 250368K, 29% used [0x00000000a0000000,0x00000000a484bcc8,0x00000000af480000)
 Metaspace       used 93709K, capacity 98380K, committed 98496K, reserved 1134592K
  class space    used 12007K, capacity 12881K, committed 12928K, reserved 1048576K
GC Heap History (10 events):
Event: 191.081 GC heap after
Heap after GC invocations=20 (full 3):
 PSYoungGen      total 342528K, used 20467K [0x00000000e0000000, 0x00000000f9f00000, 0x0000000100000000)
  eden space 322048K, 0% used [0x00000000e0000000,0x00000000e0000000,0x00000000f3a80000)
  from space 20480K, 99% used [0x00000000f3a80000,0x00000000f4e7cd98,0x00000000f4e80000)
  to   space 30208K, 0% used [0x00000000f8180000,0x00000000f8180000,0x00000000f9f00000)
 ParOldGen       total 250368K, used 59664K [0x00000000a0000000, 0x00000000af480000, 0x00000000e0000000)
  object space 250368K, 23% used [0x00000000a0000000,0x00000000a3a443f8,0x00000000af480000)
 Metaspace       used 74130K, capacity 77216K, committed 77400K, reserved 1116160K
  class space    used 9687K, capacity 10299K, committed 10368K, reserved 1048576K
}
Event: 2430.461 GC heap before
{Heap before GC invocations=21 (full 3):
 PSYoungGen      total 342528K, used 342515K [0x00000000e0000000, 0x00000000f9f00000, 0x0000000100000000)
  eden space 322048K, 100% used [0x00000000e0000000,0x00000000f3a80000,0x00000000f3a80000)
  from space 20480K, 99% used [0x00000000f3a80000,0x00000000f4e7cd98,0x00000000f4e80000)
  to   space 30208K, 0% used [0x00000000f8180000,0x00000000f8180000,0x00000000f9f00000)
 ParOldGen       total 250368K, used 59664K [0x00000000a0000000, 0x00000000af480000, 0x00000000e0000000)
  object space 250368K, 23% used [0x00000000a0000000,0x00000000a3a443f8,0x00000000af480000)
 Metaspace       used 80689K, capacity 84178K, committed 84440K, reserved 1122304K
  class space    used 10254K, capacity 10970K, committed 11008K, reserved 1048576K
Event: 2430.491 GC heap after
Heap after GC invocations=21 (full 3):
 PSYoungGen      total 339456K, used 26669K [0x00000000e0000000, 0x00000000f9c00000, 0x0000000100000000)
  eden space 312320K, 0% used [0x00000000e0000000,0x00000000e0000000,0x00000000f3100000)
  from space 27136K, 98% used [0x00000000f8180000,0x00000000f9b8b7f0,0x00000000f9c00000)
  to   space 33280K, 0% used [0x00000000f5b00000,0x00000000f5b00000,0x00000000f7b80000)
 ParOldGen       total 250368K, used 59672K [0x00000000a0000000, 0x00000000af480000, 0x00000000e0000000)
  object space 250368K, 23% used [0x00000000a0000000,0x00000000a3a463f8,0x00000000af480000)
 Metaspace       used 80689K, capacity 84178K, committed 84440K, reserved 1122304K
  class space    used 10254K, capacity 10970K, committed 11008K, reserved 1048576K
}
Event: 2440.438 GC heap before
{Heap before GC invocations=22 (full 3):
 PSYoungGen      total 339456K, used 338989K [0x00000000e0000000, 0x00000000f9c00000, 0x0000000100000000)
  eden space 312320K, 100% used [0x00000000e0000000,0x00000000f3100000,0x00000000f3100000)
  from space 27136K, 98% used [0x00000000f8180000,0x00000000f9b8b7f0,0x00000000f9c00000)
  to   space 33280K, 0% used [0x00000000f5b00000,0x00000000f5b00000,0x00000000f7b80000)
 ParOldGen       total 250368K, used 59672K [0x00000000a0000000, 0x00000000af480000, 0x00000000e0000000)
  object space 250368K, 23% used [0x00000000a0000000,0x00000000a3a463f8,0x00000000af480000)
 Metaspace       used 90234K, capacity 94862K, committed 95192K, reserved 1132544K
  class space    used 11567K, capacity 12428K, committed 12544K, reserved 1048576K
Event: 2440.476 GC heap after
Heap after GC invocations=22 (full 3):
 PSYoungGen      total 333824K, used 30519K [0x00000000e0000000, 0x00000000f8200000, 0x0000000100000000)
  eden space 303104K, 0% used [0x00000000e0000000,0x00000000e0000000,0x00000000f2800000)
  from space 30720K, 99% used [0x00000000f5b00000,0x00000000f78cdff8,0x00000000f7900000)
  to   space 9216K, 0% used [0x00000000f7900000,0x00000000f7900000,0x00000000f8200000)
 ParOldGen       total 250368K, used 59688K [0x00000000a0000000, 0x00000000af480000, 0x00000000e0000000)
  object space 250368K, 23% used [0x00000000a0000000,0x00000000a3a4a3f8,0x00000000af480000)
 Metaspace       used 90234K, capacity 94862K, committed 95192K, reserved 1132544K
  class space    used 11567K, capacity 12428K, committed 12544K, reserved 1048576K
}
Event: 2444.580 GC heap before
{Heap before GC invocations=23 (full 3):
 PSYoungGen      total 333824K, used 333623K [0x00000000e0000000, 0x00000000f8200000, 0x0000000100000000)
  eden space 303104K, 100% used [0x00000000e0000000,0x00000000f2800000,0x00000000f2800000)
  from space 30720K, 99% used [0x00000000f5b00000,0x00000000f78cdff8,0x00000000f7900000)
  to   space 9216K, 0% used [0x00000000f7900000,0x00000000f7900000,0x00000000f8200000)
 ParOldGen       total 250368K, used 59688K [0x00000000a0000000, 0x00000000af480000, 0x00000000e0000000)
  object space 250368K, 23% used [0x00000000a0000000,0x00000000a3a4a3f8,0x00000000af480000)
 Metaspace       used 91187K, capacity 95820K, committed 95960K, reserved 1132544K
  class space    used 11627K, capacity 12497K, committed 12544K, reserved 1048576K
Event: 2444.600 GC heap after
Heap after GC invocations=23 (full 3):
 PSYoungGen      total 303616K, used 9185K [0x00000000e0000000, 0x00000000f8200000, 0x0000000100000000)
  eden space 294400K, 0% used [0x00000000e0000000,0x00000000e0000000,0x00000000f1f80000)
  from space 9216K, 99% used [0x00000000f7900000,0x00000000f81f8630,0x00000000f8200000)
  to   space 36864K, 0% used [0x00000000f3a00000,0x00000000f3a00000,0x00000000f5e00000)
 ParOldGen       total 250368K, used 74023K [0x00000000a0000000, 0x00000000af480000, 0x00000000e0000000)
  object space 250368K, 29% used [0x00000000a0000000,0x00000000a4849cc8,0x00000000af480000)
 Metaspace       used 91187K, capacity 95820K, committed 95960K, reserved 1132544K
  class space    used 11627K, capacity 12497K, committed 12544K, reserved 1048576K
}
Event: 2446.382 GC heap before
{Heap before GC invocations=24 (full 3):
 PSYoungGen      total 303616K, used 125007K [0x00000000e0000000, 0x00000000f8200000, 0x0000000100000000)
  eden space 294400K, 39% used [0x00000000e0000000,0x00000000e711b950,0x00000000f1f80000)
  from space 9216K, 99% used [0x00000000f7900000,0x00000000f81f8630,0x00000000f8200000)
  to   space 36864K, 0% used [0x00000000f3a00000,0x00000000f3a00000,0x00000000f5e00000)
 ParOldGen       total 250368K, used 74023K [0x00000000a0000000, 0x00000000af480000, 0x00000000e0000000)
  object space 250368K, 29% used [0x00000000a0000000,0x00000000a4849cc8,0x00000000af480000)
 Metaspace       used 93709K, capacity 98380K, committed 98496K, reserved 1134592K
  class space    used 12007K, capacity 12881K, committed 12928K, reserved 1048576K
Event: 2446.392 GC heap after
Heap after GC invocations=24 (full 3):
 PSYoungGen      total 297472K, used 10906K [0x00000000e0000000, 0x00000000f7980000, 0x0000000100000000)
  eden space 286208K, 0% used [0x00000000e0000000,0x00000000e0000000,0x00000000f1780000)
  from space 11264K, 96% used [0x00000000f3a00000,0x00000000f44a68b8,0x00000000f4500000)
  to   space 36352K, 0% used [0x00000000f5600000,0x00000000f5600000,0x00000000f7980000)
 ParOldGen       total 250368K, used 74031K [0x00000000a0000000, 0x00000000af480000, 0x00000000e0000000)
  object space 250368K, 29% used [0x00000000a0000000,0x00000000a484bcc8,0x00000000af480000)
 Metaspace       used 93709K, capacity 98380K, committed 98496K, reserved 1134592K
  class space    used 12007K, capacity 12881K, committed 12928K, reserved 1048576K
}
Event: 2446.392 GC heap before
{Heap before GC invocations=25 (full 4):
 PSYoungGen      total 297472K, used 10906K [0x00000000e0000000, 0x00000000f7980000, 0x0000000100000000)
  eden space 286208K, 0% used [0x00000000e0000000,0x00000000e0000000,0x00000000f1780000)
  from space 11264K, 96% used [0x00000000f3a00000,0x00000000f44a68b8,0x00000000f4500000)
  to   space 36352K, 0% used [0x00000000f5600000,0x00000000f5600000,0x00000000f7980000)
 ParOldGen       total 250368K, used 74031K [0x00000000a0000000, 0x00000000af480000, 0x00000000e0000000)
  object space 250368K, 29% used [0x00000000a0000000,0x00000000a484bcc8,0x00000000af480000)
 Metaspace       used 93709K, capacity 98380K, committed 98496K, reserved 1134592K
  class space    used 12007K, capacity 12881K, committed 12928K, reserved 1048576K

